<?xml version="1.0" encoding="UTF-8"?>
<testng-results ignored="0" total="2" passed="2" failed="0" skipped="0">
  <reporter-output>
  </reporter-output>
  <suite started-at="2022-11-03T17:33:14 IST" name="Suite" finished-at="2022-11-03T17:33:27 IST" duration-ms="12640">
    <groups>
    </groups>
    <test started-at="2022-11-03T17:33:14 IST" name="Test" finished-at="2022-11-03T17:33:27 IST" duration-ms="12640">
      <class name="TestCases.verifyLogin">
        <test-method is-config="true" signature="launchURL()[pri:0, instance:TestCases.verifyLogin@188715b5]" started-at="2022-11-03T17:33:14 IST" name="launchURL" finished-at="2022-11-03T17:33:18 IST" duration-ms="3532" status="PASS">
          <reporter-output>
          </reporter-output>
        </test-method> <!-- launchURL -->
        <test-method signature="login()[pri:0, instance:TestCases.verifyLogin@188715b5]" started-at="2022-11-03T17:33:18 IST" name="login" finished-at="2022-11-03T17:33:18 IST" duration-ms="459" status="PASS">
          <reporter-output>
          </reporter-output>
        </test-method> <!-- login -->
      </class> <!-- TestCases.verifyLogin -->
      <class name="TestCases.verifySignup">
        <test-method is-config="true" signature="launchURL()[pri:0, instance:TestCases.verifySignup@5ffead27]" started-at="2022-11-03T17:33:18 IST" name="launchURL" finished-at="2022-11-03T17:33:21 IST" duration-ms="2674" status="PASS">
          <reporter-output>
          </reporter-output>
        </test-method> <!-- launchURL -->
        <test-method signature="signup()[pri:0, instance:TestCases.verifySignup@5ffead27]" started-at="2022-11-03T17:33:21 IST" name="signup" finished-at="2022-11-03T17:33:27 IST" duration-ms="5927" status="PASS">
          <reporter-output>
          </reporter-output>
        </test-method> <!-- signup -->
      </class> <!-- TestCases.verifySignup -->
    </test> <!-- Test -->
  </suite> <!-- Suite -->
</testng-results>
